102
1: /usr/lib/systemd/systemd
2: [kthreadd]
3: [rcu_gp]
4: [rcu_par_gp]
6: [kworker/0:0H-kblockd]
7: [kworker/u2:0-flush-253:0]
8: [mm_percpu_wq]
9: [ksoftirqd/0]
10: [rcu_sched]
11: [migration/0]
12: [watchdog/0]
13: [cpuhp/0]
15: [kdevtmpfs]
16: [netns]
17: [kauditd]
18: [khungtaskd]
19: [oom_reaper]
20: [writeback]
21: [kcompactd0]
22: [ksmd]
23: [khugepaged]
24: [crypto]
25: [kintegrityd]
26: [kblockd]
27: [tpm_dev_wq]
28: [md]
29: [edac-poller]
30: [watchdogd]
43: [kswapd0]
136: [kthrotld]
137: [acpi_thermal_pm]
138: [kmpath_rdacd]
139: [kaluad]
140: [ipv6_addrconf]
141: [kstrp]
371: [ata_sff]
377: [scsi_eh_0]
378: [scsi_tmf_0]
379: [scsi_eh_1]
380: [scsi_tmf_1]
381: [scsi_eh_2]
382: [scsi_tmf_2]
383: [kworker/u2:2-events_unbound]
387: [kworker/0:1H-kblockd]
446: [kdmflush]
455: [kdmflush]
494: [jbd2/dm-0-8]
495: [ext4-rsv-conver]
585: /usr/lib/systemd/systemd-journald
613: /usr/lib/systemd/systemd-udevd
649: [irq/18-vmwgfx]
650: [ttm_swap]
657: [kdmflush]
679: [jbd2/sda1-8]
680: [ext4-rsv-conver]
691: [xfsalloc]
692: [xfs_mru_cache]
695: [xfs-buf/dm-2]
696: [xfs-conv/dm-2]
697: [xfs-cil/dm-2]
698: [xfs-reclaim/dm-]
699: [xfs-log/dm-2]
700: [xfs-eofblocks/d]
701: [xfsaild/dm-2]
723: /usr/bin/rpcbind
725: /sbin/auditd
733: [rpciod]
734: [kworker/u3:0]
736: [xprtiod]
753: /usr/bin/dbus-daemon
754: /usr/lib/polkit-1/polkitd
757: /usr/bin/lsmd
758: /usr/sbin/ModemManager
759: /usr/sbin/mcelog
761: /usr/sbin/sssd
763: /usr/sbin/smartd
764: avahi-daemon:
766: /usr/sbin/gssproxy
776: /sbin/rngd
777: avahi-daemon:
788: /usr/libexec/sssd/sssd_be
791: /usr/libexec/platform-python
792: /usr/libexec/sssd/sssd_nss
799: /usr/lib/systemd/systemd-logind
808: /usr/sbin/NetworkManager
817: /usr/sbin/sshd
818: /usr/libexec/platform-python
1049: /usr/sbin/atd
1050: /usr/sbin/crond
1051: login
1334: /usr/lib/systemd/systemd
1337: (sd-pam)
1345: -bash
1391: /usr/sbin/anacron
7079: [kworker/0:1-ata_sff]
8193: [kworker/0:0-events]
8258: [kworker/0:2-ata_sff]
8259: bash
8260: bash
8261: ps
8262: tail
8263: awk
